


*******************************************************************************
Mon Oct 26 20:15:45 2020


FIT:    data read from file u 1:2
        format = x:z
        #datapoints = 15
        residuals are weighted equally (unit weight)

function used for fitting: truncatedNormalPdf(x,min,max,mean,stdDev)
	truncatedNormalPdf(x,a,b,mu,sigma) = (x > a &&  x < b) ?  exp(-0.5*((x-mu)/sigma)**2) / ((sigma*sqrt(pi)*sqrt(2)) * ( phi( (b-mu)/sigma ) - phi((a - mu )/sigma) )) : 0
	phi(x) = 0.5*(1 + erf(x/sqrt(2)))
fitted parameters initialized with current variable values

iter      chisq       delta/lim  lambda   mean          stdDev
   0 1.2241709503e-01   0.00e+00  1.01e-01    1.000000e+01   5.000000e+00
  28 2.5441990297e-03  -3.66e-02  1.01e-06    4.615669e+00   2.152993e+00

After 28 iterations the fit converged.
final sum of squares of residuals : 0.0025442
rel. change during last iteration : -3.66201e-07

degrees of freedom    (FIT_NDF)                        : 13
rms of residuals      (FIT_STDFIT) = sqrt(WSSR/ndf)    : 0.0139896
variance of residuals (reduced chisquare) = WSSR/ndf   : 0.000195708

Final set of parameters            Asymptotic Standard Error
=======================            ==========================
mean            = 4.61567          +/- 0.08504      (1.842%)
stdDev          = 2.15299          +/- 0.08776      (4.076%)

correlation matrix of the fit parameters:
                mean   stdDev
mean            1.000
stdDev         -0.095  1.000
